#
# There is insufficient memory for the Java Runtime Environment to continue.
# Native memory allocation (mmap) failed to map 266338304 bytes for Failed to commit area from 0x0000000702400000 to 0x0000000712200000 of length 266338304.
# Possible reasons:
#   The system is out of physical RAM or swap space
#   The process is running with CompressedOops enabled, and the Java Heap may be blocking the growth of the native heap
# Possible solutions:
#   Reduce memory load on the system
#   Increase physical memory or swap space
#   Check if swap backing store is full
#   Decrease Java heap size (-Xmx/-Xms)
#   Decrease number of Java threads
#   Decrease Java thread stack sizes (-Xss)
#   Set larger code cache with -XX:ReservedCodeCacheSize=
# This output file may be truncated or incomplete.
#
#  Out of Memory Error (./src/hotspot/os/windows/os_windows.cpp:3301), pid=15132, tid=6796
#
# JRE version:  (11.0.10+9) (build )
# Java VM: Dynamic Code Evolution 64-Bit Server VM (11.0.10+9-b1341.35, mixed mode, sharing, tiered, compressed oops, g1 gc, windows-amd64)
# No core dump will be written. Minidumps are not enabled by default on client versions of Windows
#

---------------  S U M M A R Y ------------

Command Line: org.jetbrains.git4idea.http.GitAskPassApp Username for 'https://github.com': 

Host: Intel(R) Core(TM) i7-8565U CPU @ 1.80GHz, 8 cores, 15G,  Windows 10 , 64 bit Build 19041 (10.0.19041.928)
Time: Sun Apr 18 08:20:13 2021 Sri Lanka Standard Time elapsed time: 0.011091 seconds (0d 0h 0m 0s)

---------------  T H R E A D  ---------------

Current thread (0x000001a8b53b3800):  JavaThread "Unknown thread" [_thread_in_vm, id=6796, stack(0x0000004bae800000,0x0000004bae900000)]

Stack: [0x0000004bae800000,0x0000004bae900000]
Native frames: (J=compiled Java code, j=interpreted, Vv=VM code, C=native code)
V  [jvm.dll+0x5f84fa]
V  [jvm.dll+0x77e085]
V  [jvm.dll+0x77f5dd]
V  [jvm.dll+0x77fc93]
V  [jvm.dll+0x2457e8]
V  [jvm.dll+0x5f58f4]
V  [jvm.dll+0x5ea975]
V  [jvm.dll+0x30228b]
V  [jvm.dll+0x3021fa]
V  [jvm.dll+0x3020d2]
V  [jvm.dll+0x306fb6]
V  [jvm.dll+0x34f843]
V  [jvm.dll+0x34ff46]
V  [jvm.dll+0x34f943]
V  [jvm.dll+0x2dbcb8]
V  [jvm.dll+0x2dce57]
V  [jvm.dll+0x75c4d7]
V  [jvm.dll+0x75dd6c]
V  [jvm.dll+0x35cdb9]
V  [jvm.dll+0x73fc9e]
V  [jvm.dll+0x3c5663]
V  [jvm.dll+0x3c7a21]
C  [jli.dll+0x5373]
C  [ucrtbase.dll+0x21bb2]
C  [KERNEL32.DLL+0x17034]
C  [ntdll.dll+0x52651]


---------------  P R O C E S S  ---------------

Threads class SMR info:
_java_thread_list=0x000001a8b312aea0, length=0, elements={
}

Java Threads: ( => current thread )

Other Threads:
  0x000001a8b53cb800 GCTaskThread "GC Thread#0" [stack: 0x0000004bae900000,0x0000004baea00000] [id=5252]
  0x000001a8b542b000 ConcurrentGCThread "G1 Main Marker" [stack: 0x0000004baea00000,0x0000004baeb00000] [id=3744]
  0x000001a8b542c800 ConcurrentGCThread "G1 Conc#0" [stack: 0x0000004baeb00000,0x0000004baec00000] [id=15100]

[error occurred during error reporting (printing all threads), id 0xc0000005, EXCEPTION_ACCESS_VIOLATION (0xc0000005) at pc=0x00007ffde820c437]

VM state:not at safepoint (not fully initialized)

VM Mutex/Monitor currently owned by a thread:  ([mutex/lock_event])
[0x000001a8b53b0fe0] Heap_lock - owner thread: 0x000001a8b53b3800

Heap address: 0x0000000702400000, size: 4060 MB, Compressed Oops mode: Non-zero based: 0x0000000702400000
Narrow klass base: 0x0000000000000000, Narrow klass shift: 0

GC Heap History (0 events):
No events

Deoptimization events (0 events):
No events

Classes redefined (0 events):
No events

Internal exceptions (0 events):
No events

Events (1 events):
Event: 0.006 Loaded shared library C:\Program Files\JetBrains\PyCharm 2020.3.2\jbr\bin\zip.dll


Dynamic libraries:
0x00007ff702190000 - 0x00007ff70219a000 	C:\Program Files\JetBrains\PyCharm 2020.3.2\jbr\bin\java.exe
0x00007ffe38ef0000 - 0x00007ffe390e5000 	C:\WINDOWS\SYSTEM32\ntdll.dll
0x00007ffe38370000 - 0x00007ffe3842d000 	C:\WINDOWS\System32\KERNEL32.DLL
0x00007ffe368e0000 - 0x00007ffe36ba8000 	C:\WINDOWS\System32\KERNELBASE.dll
0x00007ffe36d70000 - 0x00007ffe36e70000 	C:\WINDOWS\System32\ucrtbase.dll
0x00007ffe2bc10000 - 0x00007ffe2bc29000 	C:\Program Files\JetBrains\PyCharm 2020.3.2\jbr\bin\jli.dll
0x00007ffe2bbf0000 - 0x00007ffe2bc07000 	C:\Program Files\JetBrains\PyCharm 2020.3.2\jbr\bin\VCRUNTIME140.dll
0x00007ffe38760000 - 0x00007ffe38900000 	C:\WINDOWS\System32\USER32.dll
0x00007ffe36d40000 - 0x00007ffe36d62000 	C:\WINDOWS\System32\win32u.dll
0x00007ffe1c250000 - 0x00007ffe1c4ea000 	C:\WINDOWS\WinSxS\amd64_microsoft.windows.common-controls_6595b64144ccf1df_6.0.19041.844_none_ca00b6081b84eb1d\COMCTL32.dll
0x00007ffe38340000 - 0x00007ffe3836a000 	C:\WINDOWS\System32\GDI32.dll
0x00007ffe37760000 - 0x00007ffe377fe000 	C:\WINDOWS\System32\msvcrt.dll
0x00007ffe367d0000 - 0x00007ffe368db000 	C:\WINDOWS\System32\gdi32full.dll
0x00007ffe36730000 - 0x00007ffe367cd000 	C:\WINDOWS\System32\msvcp_win.dll
0x00007ffe37580000 - 0x00007ffe375b0000 	C:\WINDOWS\System32\IMM32.DLL
0x00007ffdee590000 - 0x00007ffdee62d000 	C:\Program Files\JetBrains\PyCharm 2020.3.2\jbr\bin\msvcp140.dll
0x00007ffde7f20000 - 0x00007ffde8a6f000 	C:\Program Files\JetBrains\PyCharm 2020.3.2\jbr\bin\server\jvm.dll
0x00007ffe38290000 - 0x00007ffe3833c000 	C:\WINDOWS\System32\ADVAPI32.dll
0x00007ffe37390000 - 0x00007ffe3742b000 	C:\WINDOWS\System32\sechost.dll
0x00007ffe38490000 - 0x00007ffe385bb000 	C:\WINDOWS\System32\RPCRT4.dll
0x00007ffe37570000 - 0x00007ffe37578000 	C:\WINDOWS\System32\PSAPI.DLL
0x00007ffe18c00000 - 0x00007ffe18c09000 	C:\WINDOWS\SYSTEM32\WSOCK32.dll
0x00007ffe2c570000 - 0x00007ffe2c57a000 	C:\WINDOWS\SYSTEM32\VERSION.dll
0x00007ffe20800000 - 0x00007ffe20827000 	C:\WINDOWS\SYSTEM32\WINMM.dll
0x00007ffe38900000 - 0x00007ffe3896b000 	C:\WINDOWS\System32\WS2_32.dll
0x00007ffe34ec0000 - 0x00007ffe34ed2000 	C:\WINDOWS\SYSTEM32\kernel.appcore.dll
0x00007ffe2ecc0000 - 0x00007ffe2ecd1000 	C:\Program Files\JetBrains\PyCharm 2020.3.2\jbr\bin\verify.dll
0x00007ffe31270000 - 0x00007ffe31454000 	C:\WINDOWS\SYSTEM32\DBGHELP.DLL
0x00007ffe1c090000 - 0x00007ffe1c0bc000 	C:\WINDOWS\SYSTEM32\dbgcore.DLL
0x00007ffe36ed0000 - 0x00007ffe36f50000 	C:\WINDOWS\System32\bcryptPrimitives.dll
0x00007ffe2dbd0000 - 0x00007ffe2dbf9000 	C:\Program Files\JetBrains\PyCharm 2020.3.2\jbr\bin\java.dll
0x00007ffe308b0000 - 0x00007ffe308bb000 	C:\Program Files\JetBrains\PyCharm 2020.3.2\jbr\bin\jimage.dll
0x00007ffe2dbb0000 - 0x00007ffe2dbc8000 	C:\Program Files\JetBrains\PyCharm 2020.3.2\jbr\bin\zip.dll

dbghelp: loaded successfully - version: 4.0.5 - missing functions: none
symbol engine: initialized successfully - sym options: 0x614 - pdb path: .;C:\Program Files\JetBrains\PyCharm 2020.3.2\jbr\bin;C:\WINDOWS\SYSTEM32;C:\WINDOWS\WinSxS\amd64_microsoft.windows.common-controls_6595b64144ccf1df_6.0.19041.844_none_ca00b6081b84eb1d;C:\Program Files\JetBrains\PyCharm 2020.3.2\jbr\bin\server

VM Arguments:
java_command: org.jetbrains.git4idea.http.GitAskPassApp Username for 'https://github.com': 
java_class_path (initial): C:/Program Files/JetBrains/PyCharm 2020.3.2/plugins/git4idea/lib/git4idea-rt.jar;C:/Program Files/JetBrains/PyCharm 2020.3.2/lib/xmlrpc-2.0.1.jar;C:/Program Files/JetBrains/PyCharm 2020.3.2/lib/commons-codec-1.15.jar
Launcher Type: SUN_STANDARD

[Global flags]
     intx CICompilerCount                          = 4                                         {product} {ergonomic}
     uint ConcGCThreads                            = 2                                         {product} {ergonomic}
     uint G1ConcRefinementThreads                  = 8                                         {product} {ergonomic}
   size_t G1HeapRegionSize                         = 1048576                                   {product} {ergonomic}
    uintx GCDrainStackTargetSize                   = 64                                        {product} {ergonomic}
   size_t InitialHeapSize                          = 266338304                                 {product} {ergonomic}
   size_t MarkStackSize                            = 4194304                                   {product} {ergonomic}
   size_t MaxHeapSize                              = 4257218560                                {product} {ergonomic}
   size_t MinHeapDeltaBytes                        = 1048576                                   {product} {ergonomic}
    uintx NonNMethodCodeHeapSize                   = 5836300                                {pd product} {ergonomic}
    uintx NonProfiledCodeHeapSize                  = 122910970                              {pd product} {ergonomic}
    uintx ProfiledCodeHeapSize                     = 122910970                              {pd product} {ergonomic}
    uintx ReservedCodeCacheSize                    = 251658240                              {pd product} {ergonomic}
     bool SegmentedCodeCache                       = true                                      {product} {ergonomic}
     bool UseCompressedClassPointers               = true                                 {lp64_product} {ergonomic}
     bool UseCompressedOops                        = true                                 {lp64_product} {ergonomic}
     bool UseG1GC                                  = true                                      {product} {ergonomic}
     bool UseLargePagesIndividualAllocation        = false                                  {pd product} {ergonomic}

Logging:
Log output configuration:
 #0: stdout all=warning uptime,level,tags
 #1: stderr all=off uptime,level,tags

Environment Variables:
PATH=C:\Program Files\Git\mingw64\libexec\git-core;C:\Program Files\Git\mingw64\libexec\git-core;C:\Program Files\Git\mingw64\bin;C:\Program Files\Git\usr\bin;C:\Users\ASUS\bin;C:\Program Files\Common Files\Oracle\Java\javapath;C:\oraclexe\app\oracle\product\11.2.0\server\bin;C:\Python27;C:\Python27\Scripts;C:\Program Files\Common Files\Oracle\Java\javapath;C:\oraclexe\app\oracle\product\11.2.0\server\bin;C:\Python27;C:\Python27\Scripts;C:\Program Files\Common Files\Oracle\Java\javapath;C:\oraclexe\app\oracle\product\11.2.0\server\bin;C:\Python27;C:\Python27\Scripts;C:\WINDOWS\System32;C:\Users\ASUS\Downloads\java-1.8.0-openjdk-1.8.0.222-4.b10.redhat.windows.x86_64\bin;C:\xampp\php;C:\ProgramData\ComposerSetup\bin;C:\Program Files\RedHat\java-1.8.0-openjdk-1.8.0.232-3\bin;C:\Program Files\RedHat\java-1.8.0-openjdk-1.8.0.232-3\jre\bin;C:\Program Files\dotnet;C:\Program Files\Microsoft SQL Server\Client SDK\ODBC\170\Tools\Binn;C:\Windows\System32;C:\flutter_sdk\flutter\bin;C:\ProgramData\chocolatey\bin;C:\kube;C:\Program Files\nodejs;C:\WINDOWS\system32;C:\WINDOWS;C:\WINDOWS\System32\Wbem;C:\WINDOWS\System32\WindowsPowerShell\v1.0;C:\WINDOWS\System32\OpenSSH;C:\Program Files\Microsoft SQL Server\Client SDK\ODBC\130\Tools\Binn;C:\Program Files (x86)\dotnet;C:\Program Files\TortoiseSVN\bin;C:\Program Files\Git\cmd;C:\Program Files (x86)\Yarn\bin;C:\Program Files (x86)\Microsoft SQL Server\150\Tools\Binn;C:\Program Files\Microsoft SQL Server\150\Tools\Binn;C:\Program Files\Microsoft SQL Server\150\DTS\Binn;C:\Program Files\Microsoft SQL Server\130\Tools\Binn;C:\Program Files (x86)\Microsoft SQL Server\150\DTS\Binn;C:\Program Files\Azure Data Studio\bin;C:\Program Files\MiKTeX\miktex\bin\x64;C:\Users\ASUS\AppData\Local\Programs\Python\Python39;C:\Program Files\TortoiseGit\bin;C:\Program Files\gs\gs9.54.0\bin;C:\src\flutter\bin;C:\Program Files\Docker\Docker\resources\bin;C:\ProgramData\DockerDesktop\version-bin;C:\Users\ASUS\Downloads\java-1.8.0-openjdk-1.8.0.222-4.b10.redha
USERNAME=ASUS
DISPLAY=:0.0
LC_ALL=en_US.UTF-8
OS=Windows_NT
PROCESSOR_IDENTIFIER=Intel64 Family 6 Model 142 Stepping 11, GenuineIntel



---------------  S Y S T E M  ---------------

OS: Windows 10 , 64 bit Build 19041 (10.0.19041.928)
OS uptime: 0 days 5:00 hours
Hyper-V role detected

CPU:total 8 (initial active 8) (4 cores per cpu, 2 threads per core) family 6 model 142 stepping 11 microcode 0xde, cmov, cx8, fxsr, mmx, sse, sse2, sse3, ssse3, sse4.1, sse4.2, popcnt, avx, avx2, aes, clmul, erms, 3dnowpref, lzcnt, ht, tsc, tscinvbit, bmi1, bmi2, adx, fma

Memory: 4k page, system-wide physical 16235M (8124M free)
TotalPageFile size 46498M (AvailPageFile size 112M)
current process WorkingSet (physical memory assigned to process): 10M, peak: 10M
current process commit charge ("private bytes"): 60M, peak: 314M

vm_info: Dynamic Code Evolution 64-Bit Server VM (11.0.10+9-b1341.35) for windows-amd64 JRE (11.0.10+9-b1341.35), built on Mar 31 2021 02:11:12 by "" with MS VC++ 14.0 (VS2015)

END.
